<?xml version="1.0" encoding="UTF-8"?>
<testng-results skipped="0" failed="0" total="1" passed="1">
  <reporter-output>
  </reporter-output>
  <suite name="Default suite" duration-ms="65" started-at="2013-11-07T02:35:45Z" finished-at="2013-11-07T02:35:45Z">
    <groups>
    </groups>
    <test name="Default test" duration-ms="65" started-at="2013-11-07T02:35:45Z" finished-at="2013-11-07T02:35:45Z">
      <class name="com.ipeony.ssm.ResourceTest">
        <test-method status="PASS" signature="testResource()[pri:0, instance:com.ipeony.ssm.ResourceTest@5353c8]" name="testResource" duration-ms="34" started-at="2013-11-07T10:35:45Z" finished-at="2013-11-07T10:35:45Z">
          <reporter-output>
          </reporter-output>
        </test-method> <!-- testResource -->
      </class> <!-- com.ipeony.ssm.ResourceTest -->
    </test> <!-- Default test -->
  </suite> <!-- Default suite -->
</testng-results>
